<?xml version="1.0" encoding="UTF-8"?>
<!-- Generated by org.testng.reporters.JUnitXMLReporter -->
<testsuite ignored="0" hostname="DESKTOP-A76IO2V" failures="0" tests="5" name="Default test" time="46.38" errors="0" timestamp="2023-06-16T22:40:20 EEST">
  <testcase classname="Facebook.InvalidLogin" name="LogininvalidEmPW" time="5.222"/>
  <testcase classname="Facebook.InvalidLogin" name="LogininvalidPw" time="5.201"/>
  <testcase classname="Facebook.InvalidLogin" name="Loginwithblank" time="5.092"/>
  <testcase classname="Facebook.TestRegistration" name="Register" time="12.263"/>
  <testcase classname="Facebook.ValidLogin" name="LoginByEmailValidPwValid" time="8.506"/>
</testsuite> <!-- Default test -->
